2025-09-18 22:18:28.568 [main] INFO  com.example.demo.DemoApplication - startApplication!!!
2025-09-18 22:18:28.731 [main] INFO  com.example.demo.DemoApplication - Starting DemoApplication using Java 21.0.7 with PID 6390 (/Users/jogeonhui/Desktop/toy-project/demo-project/out/production/classes started by jogeonhui in /Users/jogeonhui/Desktop/toy-project/demo-project)
2025-09-18 22:18:28.732 [main] DEBUG com.example.demo.DemoApplication - Running with Spring Boot v3.5.5, Spring v6.2.10
2025-09-18 22:18:28.732 [main] INFO  com.example.demo.DemoApplication - No active profile set, falling back to 1 default profile: "default"
2025-09-18 22:18:28.989 [main] WARN  org.mybatis.spring.mapper.ClassPathMapperScanner - No MyBatis mapper was found in '[com.example.demo]' package. Please check your configuration.
2025-09-18 22:18:29.126 [main] INFO  org.springframework.boot.web.embedded.tomcat.TomcatWebServer - Tomcat initialized with port 8080 (http)
2025-09-18 22:18:29.131 [main] INFO  org.apache.coyote.http11.Http11NioProtocol - Initializing ProtocolHandler ["http-nio-8080"]
2025-09-18 22:18:29.132 [main] INFO  org.apache.catalina.core.StandardService - Starting service [Tomcat]
2025-09-18 22:18:29.132 [main] INFO  org.apache.catalina.core.StandardEngine - Starting Servlet engine: [Apache Tomcat/10.1.44]
2025-09-18 22:18:29.146 [main] INFO  org.apache.catalina.core.ContainerBase.[Tomcat].[localhost].[/] - Initializing Spring embedded WebApplicationContext
2025-09-18 22:18:29.146 [main] INFO  org.springframework.boot.web.servlet.context.ServletWebServerApplicationContext - Root WebApplicationContext: initialization completed in 394 ms
2025-09-18 22:18:29.186 [main] TRACE org.springframework.security.config.annotation.authentication.configuration.AuthenticationConfiguration$EnableGlobalAuthenticationAutowiredConfigurer - Eagerly initializing {securityConfig=com.example.demo.security.config.SecurityConfig$$SpringCGLIB$$0@51cab489}
2025-09-18 22:18:29.269 [main] INFO  org.springframework.security.config.annotation.authentication.configuration.InitializeUserDetailsBeanManagerConfigurer$InitializeUserDetailsManagerConfigurer - Global AuthenticationManager configured with UserDetailsService bean with name userDetailsService
2025-09-18 22:18:29.364 [main] DEBUG org.springframework.security.web.DefaultSecurityFilterChain - Will secure any request with filters: DisableEncodeUrlFilter, WebAsyncManagerIntegrationFilter, SecurityContextHolderFilter, HeaderWriterFilter, LogoutFilter, JwtAuthenticationFilter, RequestCacheAwareFilter, SecurityContextHolderAwareRequestFilter, AnonymousAuthenticationFilter, SessionManagementFilter, ExceptionTranslationFilter, AuthorizationFilter
2025-09-18 22:18:29.367 [main] WARN  org.springframework.security.config.annotation.web.builders.WebSecurity$IgnoredRequestConfigurer - One of the patterns in [org.springframework.boot.autoconfigure.security.reactive.StaticResourceRequest$StaticResourceServerWebExchange@6afbe6a1] is missing a leading slash. This is discouraged; please include the leading slash in all your request matcher patterns. In future versions of Spring Security, leaving out the leading slash will result in an exception.
2025-09-18 22:18:29.368 [main] WARN  org.springframework.security.config.annotation.web.builders.WebSecurity - You are asking Spring Security to ignore Deferred [Mvc [pattern='org.springframework.boot.autoconfigure.security.reactive.StaticResourceRequest$StaticResourceServerWebExchange@6afbe6a1'], Ant [pattern='org.springframework.boot.autoconfigure.security.reactive.StaticResourceRequest$StaticResourceServerWebExchange@6afbe6a1']]. This is not recommended -- please use permitAll via HttpSecurity#authorizeHttpRequests instead.
2025-09-18 22:18:29.368 [main] DEBUG org.springframework.security.web.DefaultSecurityFilterChain - Will not secure Deferred [Mvc [pattern='org.springframework.boot.autoconfigure.security.reactive.StaticResourceRequest$StaticResourceServerWebExchange@6afbe6a1'], Ant [pattern='org.springframework.boot.autoconfigure.security.reactive.StaticResourceRequest$StaticResourceServerWebExchange@6afbe6a1']]
2025-09-18 22:18:29.461 [main] INFO  org.apache.coyote.http11.Http11NioProtocol - Starting ProtocolHandler ["http-nio-8080"]
2025-09-18 22:18:29.467 [main] INFO  org.springframework.boot.web.embedded.tomcat.TomcatWebServer - Tomcat started on port 8080 (http) with context path '/'
2025-09-18 22:18:29.471 [main] INFO  com.example.demo.DemoApplication - Started DemoApplication in 0.876 seconds (process running for 1.313)
2025-09-18 22:18:29.472 [main] INFO  com.example.demo.DemoApplication - SuccessOpenApplication!!!
2025-09-18 22:19:13.150 [SpringApplicationShutdownHook] INFO  org.springframework.boot.web.embedded.tomcat.GracefulShutdown - Commencing graceful shutdown. Waiting for active requests to complete
2025-09-18 22:19:13.154 [tomcat-shutdown] INFO  org.springframework.boot.web.embedded.tomcat.GracefulShutdown - Graceful shutdown complete
