2025-09-17 21:32:48.526 [main] INFO  com.example.demo.DemoApplication - startApplication!!!
2025-09-17 21:32:48.686 [main] INFO  com.example.demo.DemoApplication - Starting DemoApplication using Java 21.0.7 with PID 80104 (/Users/jogeonhui/Desktop/toy-project/demo-project/out/production/classes started by jogeonhui in /Users/jogeonhui/Desktop/toy-project/demo-project)
2025-09-17 21:32:48.687 [main] DEBUG com.example.demo.DemoApplication - Running with Spring Boot v3.5.5, Spring v6.2.10
2025-09-17 21:32:48.688 [main] INFO  com.example.demo.DemoApplication - No active profile set, falling back to 1 default profile: "default"
2025-09-17 21:32:48.960 [main] WARN  org.mybatis.spring.mapper.ClassPathMapperScanner - No MyBatis mapper was found in '[com.example.demo]' package. Please check your configuration.
2025-09-17 21:32:49.084 [main] INFO  org.springframework.boot.web.embedded.tomcat.TomcatWebServer - Tomcat initialized with port 8080 (http)
2025-09-17 21:32:49.090 [main] INFO  org.apache.coyote.http11.Http11NioProtocol - Initializing ProtocolHandler ["http-nio-8080"]
2025-09-17 21:32:49.090 [main] INFO  org.apache.catalina.core.StandardService - Starting service [Tomcat]
2025-09-17 21:32:49.090 [main] INFO  org.apache.catalina.core.StandardEngine - Starting Servlet engine: [Apache Tomcat/10.1.44]
2025-09-17 21:32:49.104 [main] INFO  org.apache.catalina.core.ContainerBase.[Tomcat].[localhost].[/] - Initializing Spring embedded WebApplicationContext
2025-09-17 21:32:49.104 [main] INFO  org.springframework.boot.web.servlet.context.ServletWebServerApplicationContext - Root WebApplicationContext: initialization completed in 392 ms
2025-09-17 21:32:49.212 [main] TRACE org.springframework.security.config.annotation.authentication.configuration.AuthenticationConfiguration$EnableGlobalAuthenticationAutowiredConfigurer - Eagerly initializing {securityConfig=com.example.demo.security.config.SecurityConfig$$SpringCGLIB$$0@2eb0cefe}
2025-09-17 21:32:49.213 [main] WARN  org.springframework.security.config.annotation.authentication.configuration.InitializeUserDetailsBeanManagerConfigurer$InitializeUserDetailsManagerConfigurer - Found 2 UserDetailsService beans, with names [customUserDetailsService, userDetailsService]. Global Authentication Manager will not use a UserDetailsService for username/password login. Consider publishing a single UserDetailsService bean.
2025-09-17 21:32:49.213 [main] DEBUG org.springframework.security.config.annotation.authentication.configuration.AuthenticationConfiguration$DefaultPasswordEncoderAuthenticationManagerBuilder - No authenticationProviders and no parentAuthenticationManager defined. Returning null.
2025-09-17 21:32:49.250 [main] DEBUG org.springframework.security.web.DefaultSecurityFilterChain - Will secure any request with filters: DisableEncodeUrlFilter, WebAsyncManagerIntegrationFilter, SecurityContextHolderFilter, HeaderWriterFilter, LogoutFilter, BasicAuthenticationFilter, RequestCacheAwareFilter, SecurityContextHolderAwareRequestFilter, AnonymousAuthenticationFilter, SessionManagementFilter, ExceptionTranslationFilter, AuthorizationFilter
2025-09-17 21:32:49.252 [main] WARN  org.springframework.security.config.annotation.web.builders.WebSecurity$IgnoredRequestConfigurer - One of the patterns in [org.springframework.boot.autoconfigure.security.reactive.StaticResourceRequest$StaticResourceServerWebExchange@5fe46d52] is missing a leading slash. This is discouraged; please include the leading slash in all your request matcher patterns. In future versions of Spring Security, leaving out the leading slash will result in an exception.
2025-09-17 21:32:49.252 [main] WARN  org.springframework.security.config.annotation.web.builders.WebSecurity - You are asking Spring Security to ignore Deferred [Mvc [pattern='org.springframework.boot.autoconfigure.security.reactive.StaticResourceRequest$StaticResourceServerWebExchange@5fe46d52'], Ant [pattern='org.springframework.boot.autoconfigure.security.reactive.StaticResourceRequest$StaticResourceServerWebExchange@5fe46d52']]. This is not recommended -- please use permitAll via HttpSecurity#authorizeHttpRequests instead.
2025-09-17 21:32:49.252 [main] DEBUG org.springframework.security.web.DefaultSecurityFilterChain - Will not secure Deferred [Mvc [pattern='org.springframework.boot.autoconfigure.security.reactive.StaticResourceRequest$StaticResourceServerWebExchange@5fe46d52'], Ant [pattern='org.springframework.boot.autoconfigure.security.reactive.StaticResourceRequest$StaticResourceServerWebExchange@5fe46d52']]
2025-09-17 21:32:49.341 [main] INFO  org.apache.coyote.http11.Http11NioProtocol - Starting ProtocolHandler ["http-nio-8080"]
2025-09-17 21:32:49.347 [main] INFO  org.springframework.boot.web.embedded.tomcat.TomcatWebServer - Tomcat started on port 8080 (http) with context path '/'
2025-09-17 21:32:49.351 [main] INFO  com.example.demo.DemoApplication - Started DemoApplication in 0.794 seconds (process running for 1.196)
2025-09-17 21:32:49.351 [main] INFO  com.example.demo.DemoApplication - SuccessOpenApplication!!!
2025-09-17 21:35:09.546 [SpringApplicationShutdownHook] INFO  org.springframework.boot.web.embedded.tomcat.GracefulShutdown - Commencing graceful shutdown. Waiting for active requests to complete
2025-09-17 21:35:09.550 [tomcat-shutdown] INFO  org.springframework.boot.web.embedded.tomcat.GracefulShutdown - Graceful shutdown complete
